2019-04-30 20:39:56,363 CRIT Supervisor running as root (no user in config file)
2019-04-30 20:39:56,364 INFO Included extra file "/etc/supervisor/conf.d/supervisord.conf" during parsing
2019-04-30 20:39:56,430 INFO RPC interface 'supervisor' initialized
2019-04-30 20:39:56,433 CRIT Server 'unix_http_server' running without any HTTP authentication checking
2019-04-30 20:39:56,434 INFO supervisord started with pid 1
2019-04-30 20:39:57,438 INFO spawned: 'varnishd' with pid 15
2019-04-30 20:39:57,447 INFO spawned: 'php-fpm' with pid 16
2019-04-30 20:39:57,451 INFO spawned: 'varnish-plugins-watcher' with pid 17
2019-04-30 20:39:57,484 INFO spawned: 'nginx' with pid 18
2019-04-30 20:39:57,501 INFO spawned: 'MailHog' with pid 19
2019-04-30 20:39:57,537 INFO spawned: 'mysql' with pid 20
2019-04-30 20:39:57,589 INFO spawned: 'varnish-themes-watcher' with pid 22
2019-04-30 20:39:58,965 INFO success: varnishd entered RUNNING state, process has stayed up for > than 1 seconds (startsecs)
2019-04-30 20:39:58,966 INFO success: php-fpm entered RUNNING state, process has stayed up for > than 1 seconds (startsecs)
2019-04-30 20:39:58,968 INFO success: varnish-plugins-watcher entered RUNNING state, process has stayed up for > than 1 seconds (startsecs)
2019-04-30 20:39:58,969 INFO success: nginx entered RUNNING state, process has stayed up for > than 1 seconds (startsecs)
2019-04-30 20:39:58,971 INFO success: MailHog entered RUNNING state, process has stayed up for > than 1 seconds (startsecs)
2019-04-30 20:39:58,975 INFO success: mysql entered RUNNING state, process has stayed up for > than 1 seconds (startsecs)
2019-04-30 20:39:58,975 INFO success: varnish-themes-watcher entered RUNNING state, process has stayed up for > than 1 seconds (startsecs)
2019-05-01 17:11:12,407 WARN received SIGTERM indicating exit request
2019-05-01 17:11:12,408 INFO waiting for varnishd, php-fpm, varnish-plugins-watcher, nginx, MailHog, mysql, varnish-themes-watcher to die
2019-05-01 17:11:12,409 INFO stopped: varnish-themes-watcher (terminated by SIGTERM)
2019-05-01 17:11:12,470 INFO stopped: mysql (exit status 0)
2019-05-01 17:11:12,474 INFO stopped: MailHog (terminated by SIGTERM)
2019-05-01 17:11:12,527 INFO stopped: nginx (exit status 0)
2019-05-01 17:11:12,527 INFO stopped: varnish-plugins-watcher (terminated by SIGTERM)
2019-05-01 17:11:12,556 INFO stopped: php-fpm (exit status 0)
2019-05-01 17:11:13,598 INFO reaped unknown pid 17740
2019-05-01 17:11:13,599 INFO reaped unknown pid 17739
2019-05-01 17:11:13,641 INFO stopped: varnishd (exit status 0)
2019-05-02 14:30:13,563 CRIT Supervisor running as root (no user in config file)
2019-05-02 14:30:13,564 INFO Included extra file "/etc/supervisor/conf.d/supervisord.conf" during parsing
2019-05-02 14:30:13,615 INFO RPC interface 'supervisor' initialized
2019-05-02 14:30:13,616 CRIT Server 'unix_http_server' running without any HTTP authentication checking
2019-05-02 14:30:13,617 INFO supervisord started with pid 1
2019-05-02 14:30:14,622 INFO spawned: 'varnishd' with pid 54
2019-05-02 14:30:14,627 INFO spawned: 'php-fpm' with pid 55
2019-05-02 14:30:14,630 INFO spawned: 'varnish-plugins-watcher' with pid 56
2019-05-02 14:30:14,634 INFO spawned: 'nginx' with pid 57
2019-05-02 14:30:14,644 INFO spawned: 'MailHog' with pid 58
2019-05-02 14:30:14,654 INFO spawned: 'mysql' with pid 59
2019-05-02 14:30:14,668 INFO spawned: 'varnish-themes-watcher' with pid 60
2019-05-02 14:30:15,827 INFO success: varnishd entered RUNNING state, process has stayed up for > than 1 seconds (startsecs)
2019-05-02 14:30:15,829 INFO success: php-fpm entered RUNNING state, process has stayed up for > than 1 seconds (startsecs)
2019-05-02 14:30:15,830 INFO success: varnish-plugins-watcher entered RUNNING state, process has stayed up for > than 1 seconds (startsecs)
2019-05-02 14:30:15,830 INFO success: nginx entered RUNNING state, process has stayed up for > than 1 seconds (startsecs)
2019-05-02 14:30:15,830 INFO success: MailHog entered RUNNING state, process has stayed up for > than 1 seconds (startsecs)
2019-05-02 14:30:15,830 INFO success: mysql entered RUNNING state, process has stayed up for > than 1 seconds (startsecs)
2019-05-02 14:30:15,831 INFO success: varnish-themes-watcher entered RUNNING state, process has stayed up for > than 1 seconds (startsecs)
2019-05-03 16:47:05,284 CRIT Supervisor running as root (no user in config file)
2019-05-03 16:47:05,284 INFO Included extra file "/etc/supervisor/conf.d/supervisord.conf" during parsing
2019-05-03 16:47:05,726 INFO RPC interface 'supervisor' initialized
2019-05-03 16:47:05,727 CRIT Server 'unix_http_server' running without any HTTP authentication checking
2019-05-03 16:47:05,731 INFO supervisord started with pid 1
2019-05-03 16:47:06,735 INFO spawned: 'varnishd' with pid 57
2019-05-03 16:47:06,741 INFO spawned: 'php-fpm' with pid 58
2019-05-03 16:47:06,743 INFO spawned: 'varnish-plugins-watcher' with pid 59
2019-05-03 16:47:06,747 INFO spawned: 'nginx' with pid 60
2019-05-03 16:47:06,776 INFO spawned: 'MailHog' with pid 61
2019-05-03 16:47:06,797 INFO spawned: 'mysql' with pid 62
2019-05-03 16:47:06,830 INFO spawned: 'varnish-themes-watcher' with pid 66
2019-05-03 16:47:07,988 INFO success: varnishd entered RUNNING state, process has stayed up for > than 1 seconds (startsecs)
2019-05-03 16:47:07,988 INFO success: php-fpm entered RUNNING state, process has stayed up for > than 1 seconds (startsecs)
2019-05-03 16:47:07,988 INFO success: varnish-plugins-watcher entered RUNNING state, process has stayed up for > than 1 seconds (startsecs)
2019-05-03 16:47:07,988 INFO success: nginx entered RUNNING state, process has stayed up for > than 1 seconds (startsecs)
2019-05-03 16:47:07,989 INFO success: MailHog entered RUNNING state, process has stayed up for > than 1 seconds (startsecs)
2019-05-03 16:47:07,989 INFO success: mysql entered RUNNING state, process has stayed up for > than 1 seconds (startsecs)
2019-05-03 16:47:07,989 INFO success: varnish-themes-watcher entered RUNNING state, process has stayed up for > than 1 seconds (startsecs)
2019-05-03 16:47:09,726 INFO exited: mysql (exit status 0; expected)
2019-05-03 16:47:09,761 INFO spawned: 'mysql' with pid 324
2019-05-03 16:47:10,762 INFO success: mysql entered RUNNING state, process has stayed up for > than 1 seconds (startsecs)
2019-05-03 16:47:11,847 INFO exited: mysql (exit status 0; expected)
2019-05-03 16:47:12,852 INFO spawned: 'mysql' with pid 383
2019-05-03 16:47:13,854 INFO success: mysql entered RUNNING state, process has stayed up for > than 1 seconds (startsecs)
2019-05-03 16:47:14,937 INFO exited: mysql (exit status 0; expected)
2019-05-03 16:47:15,941 INFO spawned: 'mysql' with pid 422
2019-05-03 16:47:16,943 INFO success: mysql entered RUNNING state, process has stayed up for > than 1 seconds (startsecs)
2019-05-03 16:47:18,016 INFO exited: mysql (exit status 0; expected)
2019-05-03 16:47:19,021 INFO spawned: 'mysql' with pid 465
2019-05-03 16:47:20,023 INFO success: mysql entered RUNNING state, process has stayed up for > than 1 seconds (startsecs)
2019-05-03 16:47:21,095 INFO exited: mysql (exit status 0; expected)
2019-05-03 16:47:22,099 INFO spawned: 'mysql' with pid 508
2019-05-03 16:47:23,103 INFO success: mysql entered RUNNING state, process has stayed up for > than 1 seconds (startsecs)
2019-05-03 16:47:24,157 INFO exited: mysql (exit status 0; expected)
2019-05-03 16:47:25,163 INFO spawned: 'mysql' with pid 547
2019-05-03 16:47:26,165 INFO success: mysql entered RUNNING state, process has stayed up for > than 1 seconds (startsecs)
2019-05-03 16:47:27,224 INFO exited: mysql (exit status 0; expected)
2019-05-03 16:47:28,229 INFO spawned: 'mysql' with pid 590
2019-05-03 16:47:29,231 INFO success: mysql entered RUNNING state, process has stayed up for > than 1 seconds (startsecs)
2019-05-03 16:47:30,286 INFO exited: mysql (exit status 0; expected)
2019-05-03 16:47:31,290 INFO spawned: 'mysql' with pid 623
2019-05-03 16:47:32,292 INFO success: mysql entered RUNNING state, process has stayed up for > than 1 seconds (startsecs)
2019-05-03 16:47:33,377 INFO exited: mysql (exit status 0; expected)
2019-05-03 16:47:34,382 INFO spawned: 'mysql' with pid 654
2019-05-03 16:47:35,384 INFO success: mysql entered RUNNING state, process has stayed up for > than 1 seconds (startsecs)
2019-05-03 16:47:36,426 INFO exited: mysql (exit status 0; expected)
2019-05-03 16:47:37,432 INFO spawned: 'mysql' with pid 685
2019-05-03 16:47:38,437 INFO success: mysql entered RUNNING state, process has stayed up for > than 1 seconds (startsecs)
2019-05-03 16:47:39,697 INFO exited: mysql (exit status 0; expected)
2019-05-03 16:47:40,700 INFO spawned: 'mysql' with pid 712
2019-05-03 16:47:41,703 INFO success: mysql entered RUNNING state, process has stayed up for > than 1 seconds (startsecs)
2019-05-03 16:47:42,748 INFO exited: mysql (exit status 0; expected)
2019-05-03 16:47:43,752 INFO spawned: 'mysql' with pid 743
2019-05-03 16:47:44,755 INFO success: mysql entered RUNNING state, process has stayed up for > than 1 seconds (startsecs)
2019-05-03 16:47:45,777 INFO exited: mysql (exit status 0; expected)
2019-05-03 16:47:46,780 INFO spawned: 'mysql' with pid 770
2019-05-03 16:47:47,783 INFO success: mysql entered RUNNING state, process has stayed up for > than 1 seconds (startsecs)
2019-05-03 16:47:48,840 INFO exited: mysql (exit status 0; expected)
2019-05-03 16:47:49,843 INFO spawned: 'mysql' with pid 801
2019-05-03 16:47:50,846 INFO success: mysql entered RUNNING state, process has stayed up for > than 1 seconds (startsecs)
2019-05-03 16:47:51,945 INFO exited: mysql (exit status 0; expected)
2019-05-03 16:47:52,949 INFO spawned: 'mysql' with pid 832
2019-05-03 16:47:53,952 INFO success: mysql entered RUNNING state, process has stayed up for > than 1 seconds (startsecs)
2019-05-03 16:47:54,979 INFO exited: mysql (exit status 0; expected)
2019-05-03 16:47:55,984 INFO spawned: 'mysql' with pid 859
2019-05-03 16:47:56,986 INFO success: mysql entered RUNNING state, process has stayed up for > than 1 seconds (startsecs)
2019-05-03 16:47:58,123 INFO exited: mysql (exit status 0; expected)
2019-05-03 16:47:59,125 INFO spawned: 'mysql' with pid 890
2019-05-03 16:48:00,127 INFO success: mysql entered RUNNING state, process has stayed up for > than 1 seconds (startsecs)
2019-05-03 16:48:01,513 INFO exited: mysql (exit status 0; expected)
2019-05-03 16:48:02,518 INFO spawned: 'mysql' with pid 921
2019-05-03 16:48:03,520 INFO success: mysql entered RUNNING state, process has stayed up for > than 1 seconds (startsecs)
2019-05-03 16:48:04,573 INFO exited: mysql (exit status 0; expected)
2019-05-03 16:48:05,577 INFO spawned: 'mysql' with pid 948
2019-05-03 16:48:06,580 INFO success: mysql entered RUNNING state, process has stayed up for > than 1 seconds (startsecs)
2019-05-03 16:48:08,015 INFO exited: mysql (exit status 0; expected)
2019-05-03 16:48:09,020 INFO spawned: 'mysql' with pid 980
2019-05-03 16:48:10,022 INFO success: mysql entered RUNNING state, process has stayed up for > than 1 seconds (startsecs)
2019-05-03 16:48:11,106 INFO exited: mysql (exit status 0; expected)
2019-05-03 16:48:12,110 INFO spawned: 'mysql' with pid 1011
2019-05-03 16:48:13,112 INFO success: mysql entered RUNNING state, process has stayed up for > than 1 seconds (startsecs)
2019-05-03 16:48:14,136 INFO exited: mysql (exit status 0; expected)
2019-05-03 16:48:15,141 INFO spawned: 'mysql' with pid 1038
2019-05-03 16:48:16,143 INFO success: mysql entered RUNNING state, process has stayed up for > than 1 seconds (startsecs)
2019-05-03 16:48:17,165 INFO exited: mysql (exit status 0; expected)
2019-05-03 16:48:18,170 INFO spawned: 'mysql' with pid 1069
2019-05-03 16:48:19,172 INFO success: mysql entered RUNNING state, process has stayed up for > than 1 seconds (startsecs)
2019-05-03 16:48:20,232 INFO exited: mysql (exit status 0; expected)
2019-05-03 16:48:21,236 INFO spawned: 'mysql' with pid 1096
2019-05-03 16:48:22,238 INFO success: mysql entered RUNNING state, process has stayed up for > than 1 seconds (startsecs)
2019-05-03 16:48:23,346 INFO exited: mysql (exit status 0; expected)
2019-05-03 16:48:24,353 INFO spawned: 'mysql' with pid 1127
2019-05-03 16:48:25,355 INFO success: mysql entered RUNNING state, process has stayed up for > than 1 seconds (startsecs)
2019-05-03 16:48:26,397 INFO exited: mysql (exit status 0; expected)
2019-05-03 16:48:27,403 INFO spawned: 'mysql' with pid 1158
2019-05-03 16:48:28,407 INFO success: mysql entered RUNNING state, process has stayed up for > than 1 seconds (startsecs)
2019-05-03 16:48:29,457 INFO exited: mysql (exit status 0; expected)
2019-05-03 16:48:30,462 INFO spawned: 'mysql' with pid 1185
2019-05-03 16:48:31,464 INFO success: mysql entered RUNNING state, process has stayed up for > than 1 seconds (startsecs)
2019-05-03 16:48:32,477 INFO exited: mysql (exit status 0; expected)
2019-05-03 16:48:33,490 INFO spawned: 'mysql' with pid 1216
2019-05-03 16:48:34,492 INFO success: mysql entered RUNNING state, process has stayed up for > than 1 seconds (startsecs)
2019-05-03 16:48:35,716 INFO exited: mysql (exit status 0; expected)
2019-05-03 16:48:36,721 INFO spawned: 'mysql' with pid 1243
2019-05-03 16:48:37,724 INFO success: mysql entered RUNNING state, process has stayed up for > than 1 seconds (startsecs)
2019-05-03 16:48:38,746 INFO exited: mysql (exit status 0; expected)
2019-05-03 16:48:39,751 INFO spawned: 'mysql' with pid 1274
2019-05-03 16:48:40,755 INFO success: mysql entered RUNNING state, process has stayed up for > than 1 seconds (startsecs)
2019-05-03 16:48:41,839 INFO exited: mysql (exit status 0; expected)
2019-05-03 16:48:42,843 INFO spawned: 'mysql' with pid 1305
2019-05-03 16:48:43,845 INFO success: mysql entered RUNNING state, process has stayed up for > than 1 seconds (startsecs)
2019-05-03 16:48:44,926 INFO exited: mysql (exit status 0; expected)
2019-05-03 16:48:45,929 INFO spawned: 'mysql' with pid 1332
2019-05-03 16:48:46,930 INFO success: mysql entered RUNNING state, process has stayed up for > than 1 seconds (startsecs)
2019-05-03 16:48:48,005 INFO exited: mysql (exit status 0; expected)
2019-05-03 16:48:49,010 INFO spawned: 'mysql' with pid 1363
2019-05-03 16:48:50,013 INFO success: mysql entered RUNNING state, process has stayed up for > than 1 seconds (startsecs)
2019-05-03 16:48:51,055 INFO exited: mysql (exit status 0; expected)
2019-05-03 16:48:52,062 INFO spawned: 'mysql' with pid 1394
2019-05-03 16:48:53,065 INFO success: mysql entered RUNNING state, process has stayed up for > than 1 seconds (startsecs)
2019-05-03 16:48:54,116 INFO exited: mysql (exit status 0; expected)
2019-05-03 16:48:55,119 INFO spawned: 'mysql' with pid 1421
2019-05-03 16:48:56,122 INFO success: mysql entered RUNNING state, process has stayed up for > than 1 seconds (startsecs)
2019-05-03 16:48:57,288 INFO exited: mysql (exit status 0; expected)
2019-05-03 16:48:58,293 INFO spawned: 'mysql' with pid 1452
2019-05-03 16:48:59,295 INFO success: mysql entered RUNNING state, process has stayed up for > than 1 seconds (startsecs)
2019-05-03 16:49:00,349 INFO exited: mysql (exit status 0; expected)
2019-05-03 16:49:01,354 INFO spawned: 'mysql' with pid 1479
2019-05-03 16:49:02,357 INFO success: mysql entered RUNNING state, process has stayed up for > than 1 seconds (startsecs)
2019-05-03 16:49:03,397 INFO exited: mysql (exit status 0; expected)
2019-05-03 16:49:04,401 INFO spawned: 'mysql' with pid 1510
2019-05-03 16:49:05,403 INFO success: mysql entered RUNNING state, process has stayed up for > than 1 seconds (startsecs)
2019-05-03 16:49:06,447 INFO exited: mysql (exit status 0; expected)
2019-05-03 16:49:06,918 INFO spawned: 'mysql' with pid 1537
2019-05-03 16:49:07,921 INFO success: mysql entered RUNNING state, process has stayed up for > than 1 seconds (startsecs)
2019-05-03 16:49:09,016 INFO exited: mysql (exit status 0; expected)
2019-05-03 16:49:10,021 INFO spawned: 'mysql' with pid 1568
2019-05-03 16:49:11,023 INFO success: mysql entered RUNNING state, process has stayed up for > than 1 seconds (startsecs)
2019-05-03 16:49:12,058 INFO exited: mysql (exit status 0; expected)
2019-05-03 16:49:13,065 INFO spawned: 'mysql' with pid 1599
2019-05-03 16:49:14,068 INFO success: mysql entered RUNNING state, process has stayed up for > than 1 seconds (startsecs)
2019-05-03 16:49:15,226 INFO exited: mysql (exit status 0; expected)
2019-05-03 16:49:16,231 INFO spawned: 'mysql' with pid 1626
2019-05-03 16:49:17,234 INFO success: mysql entered RUNNING state, process has stayed up for > than 1 seconds (startsecs)
2019-05-03 16:49:18,286 INFO exited: mysql (exit status 0; expected)
2019-05-03 16:49:19,290 INFO spawned: 'mysql' with pid 1657
2019-05-03 16:49:20,292 INFO success: mysql entered RUNNING state, process has stayed up for > than 1 seconds (startsecs)
2019-05-03 16:49:21,529 INFO exited: mysql (exit status 0; expected)
2019-05-03 16:49:22,540 INFO spawned: 'mysql' with pid 1688
2019-05-03 16:49:23,543 INFO success: mysql entered RUNNING state, process has stayed up for > than 1 seconds (startsecs)
2019-05-03 16:49:24,634 INFO exited: mysql (exit status 0; expected)
2019-05-03 16:49:25,638 INFO spawned: 'mysql' with pid 1715
2019-05-03 16:49:26,641 INFO success: mysql entered RUNNING state, process has stayed up for > than 1 seconds (startsecs)
2019-05-03 16:49:27,688 INFO exited: mysql (exit status 0; expected)
2019-05-03 16:49:28,692 INFO spawned: 'mysql' with pid 1746
2019-05-03 16:49:29,694 INFO success: mysql entered RUNNING state, process has stayed up for > than 1 seconds (startsecs)
2019-05-03 16:49:30,819 INFO exited: mysql (exit status 0; expected)
2019-05-03 16:49:31,824 INFO spawned: 'mysql' with pid 1773
2019-05-03 16:49:32,827 INFO success: mysql entered RUNNING state, process has stayed up for > than 1 seconds (startsecs)
2019-05-03 16:49:33,866 INFO exited: mysql (exit status 0; expected)
2019-05-03 16:49:34,870 INFO spawned: 'mysql' with pid 1804
2019-05-03 16:49:35,872 INFO success: mysql entered RUNNING state, process has stayed up for > than 1 seconds (startsecs)
2019-05-03 16:49:36,950 INFO exited: mysql (exit status 0; expected)
2019-05-03 16:49:37,958 INFO spawned: 'mysql' with pid 1835
2019-05-03 16:49:38,960 INFO success: mysql entered RUNNING state, process has stayed up for > than 1 seconds (startsecs)
2019-05-03 16:49:40,006 INFO exited: mysql (exit status 0; expected)
2019-05-03 16:49:41,010 INFO spawned: 'mysql' with pid 1862
2019-05-03 16:49:42,013 INFO success: mysql entered RUNNING state, process has stayed up for > than 1 seconds (startsecs)
2019-05-03 16:49:43,061 INFO exited: mysql (exit status 0; expected)
2019-05-03 16:49:44,066 INFO spawned: 'mysql' with pid 1893
2019-05-03 16:49:45,067 INFO success: mysql entered RUNNING state, process has stayed up for > than 1 seconds (startsecs)
2019-05-03 16:49:46,117 INFO exited: mysql (exit status 0; expected)
2019-05-03 16:49:47,122 INFO spawned: 'mysql' with pid 1924
2019-05-03 16:49:48,124 INFO success: mysql entered RUNNING state, process has stayed up for > than 1 seconds (startsecs)
2019-05-03 16:49:49,157 INFO exited: mysql (exit status 0; expected)
2019-05-03 16:49:50,162 INFO spawned: 'mysql' with pid 1951
2019-05-03 16:49:51,164 INFO success: mysql entered RUNNING state, process has stayed up for > than 1 seconds (startsecs)
2019-05-03 16:49:52,186 INFO exited: mysql (exit status 0; expected)
2019-05-03 16:49:53,191 INFO spawned: 'mysql' with pid 1982
2019-05-03 16:49:54,193 INFO success: mysql entered RUNNING state, process has stayed up for > than 1 seconds (startsecs)
2019-05-03 16:49:55,215 INFO exited: mysql (exit status 0; expected)
2019-05-03 16:49:56,220 INFO spawned: 'mysql' with pid 2009
2019-05-03 16:49:57,222 INFO success: mysql entered RUNNING state, process has stayed up for > than 1 seconds (startsecs)
2019-05-03 16:49:58,256 INFO exited: mysql (exit status 0; expected)
2019-05-03 16:49:59,261 INFO spawned: 'mysql' with pid 2040
2019-05-03 16:50:00,263 INFO success: mysql entered RUNNING state, process has stayed up for > than 1 seconds (startsecs)
2019-05-03 16:50:01,286 INFO exited: mysql (exit status 0; expected)
2019-05-03 16:50:02,292 INFO spawned: 'mysql' with pid 2071
2019-05-03 16:50:03,295 INFO success: mysql entered RUNNING state, process has stayed up for > than 1 seconds (startsecs)
2019-05-03 16:50:04,315 INFO exited: mysql (exit status 0; expected)
2019-05-03 16:50:05,319 INFO spawned: 'mysql' with pid 2098
2019-05-03 16:50:06,321 INFO success: mysql entered RUNNING state, process has stayed up for > than 1 seconds (startsecs)
2019-05-03 16:50:07,378 INFO exited: mysql (exit status 0; expected)
2019-05-03 16:50:08,382 INFO spawned: 'mysql' with pid 2129
2019-05-03 16:50:09,385 INFO success: mysql entered RUNNING state, process has stayed up for > than 1 seconds (startsecs)
2019-05-03 16:50:10,415 INFO exited: mysql (exit status 0; expected)
2019-05-03 16:50:11,420 INFO spawned: 'mysql' with pid 2156
2019-05-03 16:50:12,423 INFO success: mysql entered RUNNING state, process has stayed up for > than 1 seconds (startsecs)
2019-05-03 16:50:13,439 INFO exited: mysql (exit status 0; expected)
2019-05-03 16:50:14,444 INFO spawned: 'mysql' with pid 2187
2019-05-03 16:50:15,447 INFO success: mysql entered RUNNING state, process has stayed up for > than 1 seconds (startsecs)
2019-05-03 16:50:16,466 INFO exited: mysql (exit status 0; expected)
2019-05-03 16:50:17,470 INFO spawned: 'mysql' with pid 2218
2019-05-03 16:50:18,473 INFO success: mysql entered RUNNING state, process has stayed up for > than 1 seconds (startsecs)
2019-05-03 16:50:19,496 INFO exited: mysql (exit status 0; expected)
2019-05-03 16:50:20,502 INFO spawned: 'mysql' with pid 2245
2019-05-03 16:50:21,503 INFO success: mysql entered RUNNING state, process has stayed up for > than 1 seconds (startsecs)
2019-05-03 16:50:22,517 INFO exited: mysql (exit status 0; expected)
2019-05-03 16:50:23,522 INFO spawned: 'mysql' with pid 2276
2019-05-03 16:50:24,525 INFO success: mysql entered RUNNING state, process has stayed up for > than 1 seconds (startsecs)
2019-05-03 16:50:25,595 INFO exited: mysql (exit status 0; expected)
2019-05-03 16:50:26,601 INFO spawned: 'mysql' with pid 2303
2019-05-03 16:50:27,604 INFO success: mysql entered RUNNING state, process has stayed up for > than 1 seconds (startsecs)
2019-05-03 16:50:28,626 INFO exited: mysql (exit status 0; expected)
2019-05-03 16:50:29,631 INFO spawned: 'mysql' with pid 2334
2019-05-03 16:50:30,633 INFO success: mysql entered RUNNING state, process has stayed up for > than 1 seconds (startsecs)
2019-05-03 16:50:31,656 INFO exited: mysql (exit status 0; expected)
2019-05-03 16:50:32,661 INFO spawned: 'mysql' with pid 2365
2019-05-03 16:50:33,666 INFO success: mysql entered RUNNING state, process has stayed up for > than 1 seconds (startsecs)
2019-05-03 16:50:34,676 INFO exited: mysql (exit status 0; expected)
2019-05-03 16:50:35,681 INFO spawned: 'mysql' with pid 2392
2019-05-03 16:50:36,683 INFO success: mysql entered RUNNING state, process has stayed up for > than 1 seconds (startsecs)
2019-05-03 16:50:37,701 INFO exited: mysql (exit status 0; expected)
2019-05-03 16:50:38,706 INFO spawned: 'mysql' with pid 2423
2019-05-03 16:50:39,709 INFO success: mysql entered RUNNING state, process has stayed up for > than 1 seconds (startsecs)
2019-05-03 16:50:40,756 INFO exited: mysql (exit status 0; expected)
2019-05-03 16:50:41,760 INFO spawned: 'mysql' with pid 2450
2019-05-03 16:50:42,762 INFO success: mysql entered RUNNING state, process has stayed up for > than 1 seconds (startsecs)
2019-05-03 16:50:43,837 INFO exited: mysql (exit status 0; expected)
2019-05-03 16:50:44,841 INFO spawned: 'mysql' with pid 2481
2019-05-03 16:50:45,843 INFO success: mysql entered RUNNING state, process has stayed up for > than 1 seconds (startsecs)
2019-05-03 16:50:47,005 INFO exited: mysql (exit status 0; expected)
2019-05-03 16:50:48,009 INFO spawned: 'mysql' with pid 2512
2019-05-03 16:50:49,013 INFO success: mysql entered RUNNING state, process has stayed up for > than 1 seconds (startsecs)
2019-05-03 16:50:50,203 INFO exited: mysql (exit status 0; expected)
2019-05-03 16:50:51,207 INFO spawned: 'mysql' with pid 2603
2019-05-03 16:50:52,209 INFO success: mysql entered RUNNING state, process has stayed up for > than 1 seconds (startsecs)
2019-05-03 16:50:53,276 INFO exited: mysql (exit status 0; expected)
2019-05-03 16:50:54,281 INFO spawned: 'mysql' with pid 2646
2019-05-03 16:50:55,285 INFO success: mysql entered RUNNING state, process has stayed up for > than 1 seconds (startsecs)
2019-05-03 16:50:56,337 INFO exited: mysql (exit status 0; expected)
2019-05-03 16:50:57,342 INFO spawned: 'mysql' with pid 2689
2019-05-03 16:50:58,345 INFO success: mysql entered RUNNING state, process has stayed up for > than 1 seconds (startsecs)
2019-05-03 16:50:59,376 INFO exited: mysql (exit status 0; expected)
2019-05-03 16:51:00,380 INFO spawned: 'mysql' with pid 2728
2019-05-03 16:51:01,383 INFO success: mysql entered RUNNING state, process has stayed up for > than 1 seconds (startsecs)
2019-05-03 16:51:02,508 INFO exited: mysql (exit status 0; expected)
2019-05-03 16:51:03,511 INFO spawned: 'mysql' with pid 2771
2019-05-03 16:51:04,513 INFO success: mysql entered RUNNING state, process has stayed up for > than 1 seconds (startsecs)
2019-05-03 16:51:05,579 INFO exited: mysql (exit status 0; expected)
2019-05-03 16:51:06,585 INFO spawned: 'mysql' with pid 2810
2019-05-03 16:51:07,918 INFO success: mysql entered RUNNING state, process has stayed up for > than 1 seconds (startsecs)
2019-05-03 16:51:08,615 INFO exited: mysql (exit status 0; expected)
2019-05-03 16:51:09,620 INFO spawned: 'mysql' with pid 2853
2019-05-03 16:51:10,621 INFO success: mysql entered RUNNING state, process has stayed up for > than 1 seconds (startsecs)
2019-05-03 16:51:11,646 INFO exited: mysql (exit status 0; expected)
2019-05-03 16:51:12,652 INFO spawned: 'mysql' with pid 2896
2019-05-03 16:51:13,654 INFO success: mysql entered RUNNING state, process has stayed up for > than 1 seconds (startsecs)
2019-05-03 16:51:14,678 INFO exited: mysql (exit status 0; expected)
2019-05-03 16:51:15,682 INFO spawned: 'mysql' with pid 2933
2019-05-03 16:51:16,683 INFO success: mysql entered RUNNING state, process has stayed up for > than 1 seconds (startsecs)
2019-05-03 16:51:17,715 INFO exited: mysql (exit status 0; expected)
2019-05-03 16:51:18,721 INFO spawned: 'mysql' with pid 2964
2019-05-03 16:51:19,723 INFO success: mysql entered RUNNING state, process has stayed up for > than 1 seconds (startsecs)
2019-05-03 16:51:20,756 INFO exited: mysql (exit status 0; expected)
2019-05-03 16:51:21,758 INFO spawned: 'mysql' with pid 2991
2019-05-03 16:51:22,761 INFO success: mysql entered RUNNING state, process has stayed up for > than 1 seconds (startsecs)
2019-05-03 16:51:23,797 INFO exited: mysql (exit status 0; expected)
2019-05-03 16:51:24,802 INFO spawned: 'mysql' with pid 3022
2019-05-03 16:51:25,805 INFO success: mysql entered RUNNING state, process has stayed up for > than 1 seconds (startsecs)
2019-05-03 16:51:26,836 INFO exited: mysql (exit status 0; expected)
2019-05-03 16:51:27,842 INFO spawned: 'mysql' with pid 3053
2019-05-03 16:51:28,844 INFO success: mysql entered RUNNING state, process has stayed up for > than 1 seconds (startsecs)
2019-05-03 16:51:29,877 INFO exited: mysql (exit status 0; expected)
2019-05-03 16:51:30,883 INFO spawned: 'mysql' with pid 3080
2019-05-03 16:51:31,887 INFO success: mysql entered RUNNING state, process has stayed up for > than 1 seconds (startsecs)
2019-05-03 16:51:32,928 INFO exited: mysql (exit status 0; expected)
2019-05-03 16:51:33,932 INFO spawned: 'mysql' with pid 3111
2019-05-03 16:51:34,933 INFO success: mysql entered RUNNING state, process has stayed up for > than 1 seconds (startsecs)
2019-05-03 16:51:35,974 INFO exited: mysql (exit status 0; expected)
2019-05-03 16:51:36,979 INFO spawned: 'mysql' with pid 3138
2019-05-03 16:51:37,982 INFO success: mysql entered RUNNING state, process has stayed up for > than 1 seconds (startsecs)
2019-05-03 16:51:39,156 INFO exited: mysql (exit status 0; expected)
2019-05-03 16:51:40,160 INFO spawned: 'mysql' with pid 3169
2019-05-03 16:51:41,162 INFO success: mysql entered RUNNING state, process has stayed up for > than 1 seconds (startsecs)
2019-05-03 16:51:42,187 INFO exited: mysql (exit status 0; expected)
2019-05-03 16:51:43,193 INFO spawned: 'mysql' with pid 3200
2019-05-03 16:51:44,195 INFO success: mysql entered RUNNING state, process has stayed up for > than 1 seconds (startsecs)
2019-05-03 16:51:45,256 INFO exited: mysql (exit status 0; expected)
2019-05-03 16:51:46,261 INFO spawned: 'mysql' with pid 3227
2019-05-03 16:51:47,263 INFO success: mysql entered RUNNING state, process has stayed up for > than 1 seconds (startsecs)
2019-05-03 16:51:48,307 INFO exited: mysql (exit status 0; expected)
2019-05-03 16:51:49,310 INFO spawned: 'mysql' with pid 3258
2019-05-03 16:51:50,313 INFO success: mysql entered RUNNING state, process has stayed up for > than 1 seconds (startsecs)
2019-05-03 16:51:51,405 INFO exited: mysql (exit status 0; expected)
2019-05-03 16:51:52,409 INFO spawned: 'mysql' with pid 3289
2019-05-03 16:51:53,412 INFO success: mysql entered RUNNING state, process has stayed up for > than 1 seconds (startsecs)
2019-05-03 16:51:54,454 INFO exited: mysql (exit status 0; expected)
2019-05-03 16:51:55,459 INFO spawned: 'mysql' with pid 3316
2019-05-03 16:51:56,461 INFO success: mysql entered RUNNING state, process has stayed up for > than 1 seconds (startsecs)
2019-05-03 16:51:57,536 INFO exited: mysql (exit status 0; expected)
2019-05-03 16:51:58,540 INFO spawned: 'mysql' with pid 3347
2019-05-03 16:51:59,543 INFO success: mysql entered RUNNING state, process has stayed up for > than 1 seconds (startsecs)
2019-05-03 16:52:00,597 INFO exited: mysql (exit status 0; expected)
2019-05-03 16:52:01,603 INFO spawned: 'mysql' with pid 3374
2019-05-03 16:52:02,605 INFO success: mysql entered RUNNING state, process has stayed up for > than 1 seconds (startsecs)
2019-05-03 16:52:03,626 INFO exited: mysql (exit status 0; expected)
2019-05-03 16:52:04,631 INFO spawned: 'mysql' with pid 3405
2019-05-03 16:52:05,634 INFO success: mysql entered RUNNING state, process has stayed up for > than 1 seconds (startsecs)
2019-05-03 16:52:06,682 INFO exited: mysql (exit status 0; expected)
2019-05-03 16:52:06,920 INFO spawned: 'mysql' with pid 3432
2019-05-03 16:52:07,923 INFO success: mysql entered RUNNING state, process has stayed up for > than 1 seconds (startsecs)
2019-05-03 16:52:09,046 INFO exited: mysql (exit status 0; expected)
2019-05-03 16:52:10,051 INFO spawned: 'mysql' with pid 3463
2019-05-03 16:52:11,054 INFO success: mysql entered RUNNING state, process has stayed up for > than 1 seconds (startsecs)
2019-05-03 16:52:12,130 INFO exited: mysql (exit status 0; expected)
2019-05-03 16:52:13,134 INFO spawned: 'mysql' with pid 3494
2019-05-03 16:52:14,137 INFO success: mysql entered RUNNING state, process has stayed up for > than 1 seconds (startsecs)
2019-05-03 16:52:15,169 INFO exited: mysql (exit status 0; expected)
2019-05-03 16:52:16,175 INFO spawned: 'mysql' with pid 3521
2019-05-03 16:52:17,178 INFO success: mysql entered RUNNING state, process has stayed up for > than 1 seconds (startsecs)
2019-05-03 16:52:18,208 INFO exited: mysql (exit status 0; expected)
2019-05-03 16:52:19,214 INFO spawned: 'mysql' with pid 3552
2019-05-03 16:52:20,218 INFO success: mysql entered RUNNING state, process has stayed up for > than 1 seconds (startsecs)
2019-05-03 16:52:21,258 INFO exited: mysql (exit status 0; expected)
2019-05-03 16:52:22,262 INFO spawned: 'mysql' with pid 3583
2019-05-03 16:52:23,264 INFO success: mysql entered RUNNING state, process has stayed up for > than 1 seconds (startsecs)
2019-05-03 16:52:24,317 INFO exited: mysql (exit status 0; expected)
2019-05-03 16:52:25,322 INFO spawned: 'mysql' with pid 3610
2019-05-03 16:52:26,326 INFO success: mysql entered RUNNING state, process has stayed up for > than 1 seconds (startsecs)
2019-05-03 16:52:27,347 INFO exited: mysql (exit status 0; expected)
2019-05-03 16:52:28,351 INFO spawned: 'mysql' with pid 3641
2019-05-03 16:52:29,353 INFO success: mysql entered RUNNING state, process has stayed up for > than 1 seconds (startsecs)
2019-05-03 16:52:30,375 INFO exited: mysql (exit status 0; expected)
2019-05-03 16:52:31,380 INFO spawned: 'mysql' with pid 3668
2019-05-03 16:52:32,383 INFO success: mysql entered RUNNING state, process has stayed up for > than 1 seconds (startsecs)
2019-05-03 16:52:33,417 INFO exited: mysql (exit status 0; expected)
2019-05-03 16:52:34,421 INFO spawned: 'mysql' with pid 3699
2019-05-03 16:52:35,423 INFO success: mysql entered RUNNING state, process has stayed up for > than 1 seconds (startsecs)
2019-05-03 16:52:36,447 INFO exited: mysql (exit status 0; expected)
2019-05-03 16:52:37,452 INFO spawned: 'mysql' with pid 3730
2019-05-03 16:52:38,454 INFO success: mysql entered RUNNING state, process has stayed up for > than 1 seconds (startsecs)
2019-05-03 16:52:39,477 INFO exited: mysql (exit status 0; expected)
2019-05-03 16:52:40,483 INFO spawned: 'mysql' with pid 3757
2019-05-03 16:52:41,486 INFO success: mysql entered RUNNING state, process has stayed up for > than 1 seconds (startsecs)
2019-05-03 16:52:42,605 INFO exited: mysql (exit status 0; expected)
2019-05-03 16:52:43,610 INFO spawned: 'mysql' with pid 3788
2019-05-03 16:52:44,613 INFO success: mysql entered RUNNING state, process has stayed up for > than 1 seconds (startsecs)
2019-05-03 16:52:45,636 INFO exited: mysql (exit status 0; expected)
2019-05-03 16:52:46,640 INFO spawned: 'mysql' with pid 3815
2019-05-03 16:52:47,643 INFO success: mysql entered RUNNING state, process has stayed up for > than 1 seconds (startsecs)
2019-05-03 16:52:48,653 INFO exited: mysql (exit status 0; expected)
2019-05-03 16:52:49,660 INFO spawned: 'mysql' with pid 3846
2019-05-03 16:52:50,662 INFO success: mysql entered RUNNING state, process has stayed up for > than 1 seconds (startsecs)
2019-05-03 16:52:51,715 INFO exited: mysql (exit status 0; expected)
2019-05-03 16:52:52,720 INFO spawned: 'mysql' with pid 3877
2019-05-03 16:52:53,722 INFO success: mysql entered RUNNING state, process has stayed up for > than 1 seconds (startsecs)
2019-05-03 16:52:54,746 INFO exited: mysql (exit status 0; expected)
2019-05-03 16:52:55,751 INFO spawned: 'mysql' with pid 3904
2019-05-03 16:52:56,754 INFO success: mysql entered RUNNING state, process has stayed up for > than 1 seconds (startsecs)
2019-05-03 16:52:57,776 INFO exited: mysql (exit status 0; expected)
2019-05-03 16:52:58,781 INFO spawned: 'mysql' with pid 3935
2019-05-03 16:52:59,783 INFO success: mysql entered RUNNING state, process has stayed up for > than 1 seconds (startsecs)
2019-05-03 16:53:00,845 INFO exited: mysql (exit status 0; expected)
2019-05-03 16:53:01,850 INFO spawned: 'mysql' with pid 3962
2019-05-03 16:53:02,854 INFO success: mysql entered RUNNING state, process has stayed up for > than 1 seconds (startsecs)
2019-05-03 16:53:03,876 INFO exited: mysql (exit status 0; expected)
2019-05-03 16:53:04,881 INFO spawned: 'mysql' with pid 3993
2019-05-03 16:53:05,883 INFO success: mysql entered RUNNING state, process has stayed up for > than 1 seconds (startsecs)
2019-05-03 16:53:06,908 INFO exited: mysql (exit status 0; expected)
2019-05-03 16:53:06,919 INFO spawned: 'mysql' with pid 4020
2019-05-03 16:53:07,922 INFO success: mysql entered RUNNING state, process has stayed up for > than 1 seconds (startsecs)
2019-05-03 16:53:08,967 INFO exited: mysql (exit status 0; expected)
2019-05-03 16:53:09,972 INFO spawned: 'mysql' with pid 4051
2019-05-03 16:53:10,974 INFO success: mysql entered RUNNING state, process has stayed up for > than 1 seconds (startsecs)
2019-05-03 16:53:12,007 INFO exited: mysql (exit status 0; expected)
2019-05-03 16:53:13,012 INFO spawned: 'mysql' with pid 4082
2019-05-03 16:53:14,015 INFO success: mysql entered RUNNING state, process has stayed up for > than 1 seconds (startsecs)
2019-05-03 16:53:15,037 INFO exited: mysql (exit status 0; expected)
2019-05-03 16:53:16,042 INFO spawned: 'mysql' with pid 4109
2019-05-03 16:53:17,043 INFO success: mysql entered RUNNING state, process has stayed up for > than 1 seconds (startsecs)
2019-05-03 16:53:18,087 INFO exited: mysql (exit status 0; expected)
2019-05-03 16:53:19,093 INFO spawned: 'mysql' with pid 4140
2019-05-03 16:53:20,095 INFO success: mysql entered RUNNING state, process has stayed up for > than 1 seconds (startsecs)
2019-05-03 16:53:21,147 INFO exited: mysql (exit status 0; expected)
2019-05-03 16:53:22,152 INFO spawned: 'mysql' with pid 4167
2019-05-03 16:53:23,155 INFO success: mysql entered RUNNING state, process has stayed up for > than 1 seconds (startsecs)
2019-05-03 16:53:24,226 INFO exited: mysql (exit status 0; expected)
2019-05-03 16:53:25,230 INFO spawned: 'mysql' with pid 4198
2019-05-03 16:53:26,232 INFO success: mysql entered RUNNING state, process has stayed up for > than 1 seconds (startsecs)
2019-05-03 16:53:27,307 INFO exited: mysql (exit status 0; expected)
2019-05-03 16:53:28,312 INFO spawned: 'mysql' with pid 4229
2019-05-03 16:53:29,315 INFO success: mysql entered RUNNING state, process has stayed up for > than 1 seconds (startsecs)
2019-05-03 16:53:30,380 INFO exited: mysql (exit status 0; expected)
2019-05-03 16:53:31,385 INFO spawned: 'mysql' with pid 4256
2019-05-03 16:53:32,387 INFO success: mysql entered RUNNING state, process has stayed up for > than 1 seconds (startsecs)
2019-05-03 16:53:33,476 INFO exited: mysql (exit status 0; expected)
2019-05-03 16:53:34,481 INFO spawned: 'mysql' with pid 4287
2019-05-03 16:53:35,483 INFO success: mysql entered RUNNING state, process has stayed up for > than 1 seconds (startsecs)
2019-05-03 16:53:36,546 INFO exited: mysql (exit status 0; expected)
2019-05-03 16:53:37,551 INFO spawned: 'mysql' with pid 4318
2019-05-03 16:53:38,554 INFO success: mysql entered RUNNING state, process has stayed up for > than 1 seconds (startsecs)
2019-05-03 16:53:39,586 INFO exited: mysql (exit status 0; expected)
2019-05-03 16:53:40,590 INFO spawned: 'mysql' with pid 4345
2019-05-03 16:53:41,593 INFO success: mysql entered RUNNING state, process has stayed up for > than 1 seconds (startsecs)
2019-05-03 16:53:42,625 INFO exited: mysql (exit status 0; expected)
2019-05-03 16:53:43,630 INFO spawned: 'mysql' with pid 4376
2019-05-03 16:53:44,633 INFO success: mysql entered RUNNING state, process has stayed up for > than 1 seconds (startsecs)
2019-05-03 16:53:45,675 INFO exited: mysql (exit status 0; expected)
2019-05-03 16:53:46,678 INFO spawned: 'mysql' with pid 4403
2019-05-03 16:53:47,682 INFO success: mysql entered RUNNING state, process has stayed up for > than 1 seconds (startsecs)
2019-05-03 16:53:48,705 INFO exited: mysql (exit status 0; expected)
2019-05-03 16:53:49,710 INFO spawned: 'mysql' with pid 4434
2019-05-03 16:53:50,712 INFO success: mysql entered RUNNING state, process has stayed up for > than 1 seconds (startsecs)
2019-05-03 16:53:51,737 INFO exited: mysql (exit status 0; expected)
2019-05-03 16:53:52,740 INFO spawned: 'mysql' with pid 4465
2019-05-03 16:53:53,743 INFO success: mysql entered RUNNING state, process has stayed up for > than 1 seconds (startsecs)
2019-05-03 16:53:54,777 INFO exited: mysql (exit status 0; expected)
2019-05-03 16:53:55,782 INFO spawned: 'mysql' with pid 4492
2019-05-03 16:53:56,784 INFO success: mysql entered RUNNING state, process has stayed up for > than 1 seconds (startsecs)
2019-05-03 16:53:57,838 INFO exited: mysql (exit status 0; expected)
2019-05-03 16:53:58,842 INFO spawned: 'mysql' with pid 4523
2019-05-03 16:53:59,845 INFO success: mysql entered RUNNING state, process has stayed up for > than 1 seconds (startsecs)
2019-05-03 16:54:00,875 INFO exited: mysql (exit status 0; expected)
2019-05-03 16:54:01,881 INFO spawned: 'mysql' with pid 4550
2019-05-03 16:54:02,883 INFO success: mysql entered RUNNING state, process has stayed up for > than 1 seconds (startsecs)
2019-05-03 16:54:03,915 INFO exited: mysql (exit status 0; expected)
2019-05-03 16:54:04,920 INFO spawned: 'mysql' with pid 4581
2019-05-03 16:54:05,923 INFO success: mysql entered RUNNING state, process has stayed up for > than 1 seconds (startsecs)
2019-05-03 16:54:07,087 INFO exited: mysql (exit status 0; expected)
2019-05-03 16:54:08,091 INFO spawned: 'mysql' with pid 4612
2019-05-03 16:54:09,093 INFO success: mysql entered RUNNING state, process has stayed up for > than 1 seconds (startsecs)
2019-05-03 16:54:10,125 INFO exited: mysql (exit status 0; expected)
2019-05-03 16:54:11,128 INFO spawned: 'mysql' with pid 4639
2019-05-03 16:54:12,130 INFO success: mysql entered RUNNING state, process has stayed up for > than 1 seconds (startsecs)
2019-05-03 16:54:13,188 INFO exited: mysql (exit status 0; expected)
2019-05-03 16:54:14,192 INFO spawned: 'mysql' with pid 4670
2019-05-03 16:54:15,195 INFO success: mysql entered RUNNING state, process has stayed up for > than 1 seconds (startsecs)
2019-05-03 16:54:16,226 INFO exited: mysql (exit status 0; expected)
2019-05-03 16:54:17,232 INFO spawned: 'mysql' with pid 4697
2019-05-03 16:54:18,234 INFO success: mysql entered RUNNING state, process has stayed up for > than 1 seconds (startsecs)
2019-05-03 16:54:19,266 INFO exited: mysql (exit status 0; expected)
2019-05-03 16:54:20,269 INFO spawned: 'mysql' with pid 4728
2019-05-03 16:54:21,272 INFO success: mysql entered RUNNING state, process has stayed up for > than 1 seconds (startsecs)
2019-05-03 16:54:22,326 INFO exited: mysql (exit status 0; expected)
2019-05-03 16:54:23,331 INFO spawned: 'mysql' with pid 4759
2019-05-03 16:54:24,333 INFO success: mysql entered RUNNING state, process has stayed up for > than 1 seconds (startsecs)
2019-05-03 16:54:25,376 INFO exited: mysql (exit status 0; expected)
2019-05-03 16:54:26,381 INFO spawned: 'mysql' with pid 4786
2019-05-03 16:54:27,383 INFO success: mysql entered RUNNING state, process has stayed up for > than 1 seconds (startsecs)
2019-05-03 16:54:28,435 INFO exited: mysql (exit status 0; expected)
2019-05-03 16:54:29,440 INFO spawned: 'mysql' with pid 4817
2019-05-03 16:54:30,442 INFO success: mysql entered RUNNING state, process has stayed up for > than 1 seconds (startsecs)
2019-05-03 16:54:31,527 INFO exited: mysql (exit status 0; expected)
2019-05-03 16:54:32,536 INFO spawned: 'mysql' with pid 4848
2019-05-03 16:54:33,540 INFO success: mysql entered RUNNING state, process has stayed up for > than 1 seconds (startsecs)
2019-05-03 16:54:34,626 INFO exited: mysql (exit status 0; expected)
2019-05-03 16:54:35,630 INFO spawned: 'mysql' with pid 4875
2019-05-03 16:54:36,633 INFO success: mysql entered RUNNING state, process has stayed up for > than 1 seconds (startsecs)
2019-05-03 16:54:37,803 INFO exited: mysql (exit status 0; expected)
2019-05-03 16:54:38,810 INFO spawned: 'mysql' with pid 4906
2019-05-03 16:54:39,813 INFO success: mysql entered RUNNING state, process has stayed up for > than 1 seconds (startsecs)
2019-05-03 16:54:40,888 INFO exited: mysql (exit status 0; expected)
2019-05-03 16:54:41,892 INFO spawned: 'mysql' with pid 4933
2019-05-03 16:54:42,895 INFO success: mysql entered RUNNING state, process has stayed up for > than 1 seconds (startsecs)
2019-05-03 16:54:43,957 INFO exited: mysql (exit status 0; expected)
2019-05-03 16:54:44,963 INFO spawned: 'mysql' with pid 4964
2019-05-03 16:54:45,966 INFO success: mysql entered RUNNING state, process has stayed up for > than 1 seconds (startsecs)
2019-05-03 16:54:47,016 INFO exited: mysql (exit status 0; expected)
2019-05-03 16:54:48,020 INFO spawned: 'mysql' with pid 4995
2019-05-03 16:54:49,023 INFO success: mysql entered RUNNING state, process has stayed up for > than 1 seconds (startsecs)
2019-05-03 16:54:50,108 INFO exited: mysql (exit status 0; expected)
2019-05-03 16:54:51,113 INFO spawned: 'mysql' with pid 5022
2019-05-03 16:54:52,115 INFO success: mysql entered RUNNING state, process has stayed up for > than 1 seconds (startsecs)
2019-05-03 16:54:53,198 INFO exited: mysql (exit status 0; expected)
2019-05-03 16:54:54,202 INFO spawned: 'mysql' with pid 5053
2019-05-03 16:54:55,205 INFO success: mysql entered RUNNING state, process has stayed up for > than 1 seconds (startsecs)
2019-05-03 16:54:56,259 INFO exited: mysql (exit status 0; expected)
2019-05-03 16:54:57,263 INFO spawned: 'mysql' with pid 5080
2019-05-03 16:54:58,266 INFO success: mysql entered RUNNING state, process has stayed up for > than 1 seconds (startsecs)
2019-05-03 16:54:59,365 INFO exited: mysql (exit status 0; expected)
2019-05-03 16:55:00,370 INFO spawned: 'mysql' with pid 5111
2019-05-03 16:55:01,373 INFO success: mysql entered RUNNING state, process has stayed up for > than 1 seconds (startsecs)
2019-05-03 16:55:02,448 INFO exited: mysql (exit status 0; expected)
2019-05-03 16:55:03,452 INFO spawned: 'mysql' with pid 5142
2019-05-03 16:55:04,455 INFO success: mysql entered RUNNING state, process has stayed up for > than 1 seconds (startsecs)
2019-05-03 16:55:05,610 INFO exited: mysql (exit status 0; expected)
2019-05-03 16:55:06,619 INFO spawned: 'mysql' with pid 5169
2019-05-03 16:55:07,918 INFO success: mysql entered RUNNING state, process has stayed up for > than 1 seconds (startsecs)
2019-05-03 16:55:08,712 INFO exited: mysql (exit status 0; expected)
2019-05-03 16:55:09,719 INFO spawned: 'mysql' with pid 5200
2019-05-03 16:55:10,723 INFO success: mysql entered RUNNING state, process has stayed up for > than 1 seconds (startsecs)
2019-05-03 16:55:11,809 INFO exited: mysql (exit status 0; expected)
2019-05-03 16:55:12,813 INFO spawned: 'mysql' with pid 5231
2019-05-03 16:55:13,816 INFO success: mysql entered RUNNING state, process has stayed up for > than 1 seconds (startsecs)
2019-05-03 16:55:14,876 INFO exited: mysql (exit status 0; expected)
2019-05-03 16:55:15,881 INFO spawned: 'mysql' with pid 5258
2019-05-03 16:55:16,884 INFO success: mysql entered RUNNING state, process has stayed up for > than 1 seconds (startsecs)
2019-05-03 16:55:17,929 INFO exited: mysql (exit status 0; expected)
2019-05-03 16:55:18,933 INFO spawned: 'mysql' with pid 5289
2019-05-03 16:55:19,935 INFO success: mysql entered RUNNING state, process has stayed up for > than 1 seconds (startsecs)
2019-05-03 16:55:20,996 INFO exited: mysql (exit status 0; expected)
2019-05-03 16:55:22,000 INFO spawned: 'mysql' with pid 5316
2019-05-03 16:55:23,003 INFO success: mysql entered RUNNING state, process has stayed up for > than 1 seconds (startsecs)
2019-05-03 16:55:24,038 INFO exited: mysql (exit status 0; expected)
2019-05-03 16:55:25,042 INFO spawned: 'mysql' with pid 5347
2019-05-03 16:55:26,045 INFO success: mysql entered RUNNING state, process has stayed up for > than 1 seconds (startsecs)
2019-05-03 16:55:27,056 INFO exited: mysql (exit status 0; expected)
2019-05-03 16:55:28,060 INFO spawned: 'mysql' with pid 5378
2019-05-03 16:55:29,062 INFO success: mysql entered RUNNING state, process has stayed up for > than 1 seconds (startsecs)
2019-05-03 16:55:30,079 INFO exited: mysql (exit status 0; expected)
2019-05-03 16:55:31,084 INFO spawned: 'mysql' with pid 5405
2019-05-03 16:55:32,087 INFO success: mysql entered RUNNING state, process has stayed up for > than 1 seconds (startsecs)
2019-05-03 16:55:33,137 INFO exited: mysql (exit status 0; expected)
2019-05-03 16:55:34,142 INFO spawned: 'mysql' with pid 5436
2019-05-03 16:55:35,144 INFO success: mysql entered RUNNING state, process has stayed up for > than 1 seconds (startsecs)
2019-05-03 16:55:36,177 INFO exited: mysql (exit status 0; expected)
2019-05-03 16:55:37,182 INFO spawned: 'mysql' with pid 5463
2019-05-03 16:55:38,184 INFO success: mysql entered RUNNING state, process has stayed up for > than 1 seconds (startsecs)
2019-05-03 16:55:39,276 INFO exited: mysql (exit status 0; expected)
2019-05-03 16:55:40,281 INFO spawned: 'mysql' with pid 5494
2019-05-03 16:55:41,284 INFO success: mysql entered RUNNING state, process has stayed up for > than 1 seconds (startsecs)
2019-05-03 16:55:42,398 INFO exited: mysql (exit status 0; expected)
2019-05-03 16:55:43,402 INFO spawned: 'mysql' with pid 5525
2019-05-03 16:55:44,405 INFO success: mysql entered RUNNING state, process has stayed up for > than 1 seconds (startsecs)
2019-05-03 16:55:45,430 INFO exited: mysql (exit status 0; expected)
2019-05-03 16:55:46,434 INFO spawned: 'mysql' with pid 5552
2019-05-03 16:55:47,437 INFO success: mysql entered RUNNING state, process has stayed up for > than 1 seconds (startsecs)
2019-05-03 16:55:48,487 INFO exited: mysql (exit status 0; expected)
2019-05-03 16:55:49,492 INFO spawned: 'mysql' with pid 5583
2019-05-03 16:55:50,495 INFO success: mysql entered RUNNING state, process has stayed up for > than 1 seconds (startsecs)
2019-05-03 16:55:51,525 INFO exited: mysql (exit status 0; expected)
2019-05-03 16:55:52,529 INFO spawned: 'mysql' with pid 5614
2019-05-03 16:55:53,532 INFO success: mysql entered RUNNING state, process has stayed up for > than 1 seconds (startsecs)
2019-05-03 16:55:54,555 INFO exited: mysql (exit status 0; expected)
2019-05-03 16:55:55,561 INFO spawned: 'mysql' with pid 5641
2019-05-03 16:55:56,563 INFO success: mysql entered RUNNING state, process has stayed up for > than 1 seconds (startsecs)
2019-05-03 16:55:57,598 INFO exited: mysql (exit status 0; expected)
2019-05-03 16:55:58,603 INFO spawned: 'mysql' with pid 5672
2019-05-03 16:55:59,606 INFO success: mysql entered RUNNING state, process has stayed up for > than 1 seconds (startsecs)
2019-05-03 16:56:00,667 INFO exited: mysql (exit status 0; expected)
2019-05-03 16:56:01,671 INFO spawned: 'mysql' with pid 5699
2019-05-03 16:56:02,673 INFO success: mysql entered RUNNING state, process has stayed up for > than 1 seconds (startsecs)
2019-05-03 16:56:03,734 INFO exited: mysql (exit status 0; expected)
2019-05-03 16:56:04,740 INFO spawned: 'mysql' with pid 5730
2019-05-03 16:56:05,743 INFO success: mysql entered RUNNING state, process has stayed up for > than 1 seconds (startsecs)
2019-05-03 16:56:06,777 INFO exited: mysql (exit status 0; expected)
2019-05-03 16:56:06,919 INFO spawned: 'mysql' with pid 5757
2019-05-03 16:56:07,921 INFO success: mysql entered RUNNING state, process has stayed up for > than 1 seconds (startsecs)
2019-05-03 16:56:08,954 INFO exited: mysql (exit status 0; expected)
2019-05-03 16:56:09,961 INFO spawned: 'mysql' with pid 5788
2019-05-03 16:56:10,964 INFO success: mysql entered RUNNING state, process has stayed up for > than 1 seconds (startsecs)
2019-05-03 16:56:12,015 INFO exited: mysql (exit status 0; expected)
2019-05-03 16:56:13,020 INFO spawned: 'mysql' with pid 5819
2019-05-03 16:56:14,021 INFO success: mysql entered RUNNING state, process has stayed up for > than 1 seconds (startsecs)
2019-05-03 16:56:15,036 INFO exited: mysql (exit status 0; expected)
2019-05-03 16:56:16,042 INFO spawned: 'mysql' with pid 5846
2019-05-03 16:56:17,044 INFO success: mysql entered RUNNING state, process has stayed up for > than 1 seconds (startsecs)
2019-05-03 16:56:18,068 INFO exited: mysql (exit status 0; expected)
2019-05-03 16:56:19,072 INFO spawned: 'mysql' with pid 5877
2019-05-03 16:56:20,075 INFO success: mysql entered RUNNING state, process has stayed up for > than 1 seconds (startsecs)
2019-05-03 16:56:21,136 INFO exited: mysql (exit status 0; expected)
2019-05-03 16:56:22,140 INFO spawned: 'mysql' with pid 5904
2019-05-03 16:56:23,144 INFO success: mysql entered RUNNING state, process has stayed up for > than 1 seconds (startsecs)
2019-05-03 16:56:24,236 INFO exited: mysql (exit status 0; expected)
2019-05-03 16:56:25,241 INFO spawned: 'mysql' with pid 5935
2019-05-03 16:56:26,243 INFO success: mysql entered RUNNING state, process has stayed up for > than 1 seconds (startsecs)
2019-05-03 16:56:27,298 INFO exited: mysql (exit status 0; expected)
2019-05-03 16:56:28,303 INFO spawned: 'mysql' with pid 5966
2019-05-03 16:56:29,305 INFO success: mysql entered RUNNING state, process has stayed up for > than 1 seconds (startsecs)
2019-05-03 16:56:30,379 INFO exited: mysql (exit status 0; expected)
2019-05-03 16:56:31,383 INFO spawned: 'mysql' with pid 5993
2019-05-03 16:56:32,385 INFO success: mysql entered RUNNING state, process has stayed up for > than 1 seconds (startsecs)
2019-05-03 16:56:33,458 INFO exited: mysql (exit status 0; expected)
2019-05-03 16:56:34,463 INFO spawned: 'mysql' with pid 6024
2019-05-03 16:56:35,465 INFO success: mysql entered RUNNING state, process has stayed up for > than 1 seconds (startsecs)
2019-05-03 16:56:36,497 INFO exited: mysql (exit status 0; expected)
2019-05-03 16:56:37,502 INFO spawned: 'mysql' with pid 6055
2019-05-03 16:56:38,505 INFO success: mysql entered RUNNING state, process has stayed up for > than 1 seconds (startsecs)
2019-05-03 16:56:39,537 INFO exited: mysql (exit status 0; expected)
2019-05-03 16:56:40,542 INFO spawned: 'mysql' with pid 6082
2019-05-03 16:56:41,544 INFO success: mysql entered RUNNING state, process has stayed up for > than 1 seconds (startsecs)
2019-05-03 16:56:42,569 INFO exited: mysql (exit status 0; expected)
2019-05-03 16:56:43,573 INFO spawned: 'mysql' with pid 6113
2019-05-03 16:56:44,576 INFO success: mysql entered RUNNING state, process has stayed up for > than 1 seconds (startsecs)
2019-05-03 16:56:45,667 INFO exited: mysql (exit status 0; expected)
2019-05-03 16:56:46,674 INFO spawned: 'mysql' with pid 6197
2019-05-03 16:56:47,676 INFO success: mysql entered RUNNING state, process has stayed up for > than 1 seconds (startsecs)
2019-05-03 16:56:48,957 INFO exited: mysql (exit status 0; expected)
2019-05-03 16:56:49,962 INFO spawned: 'mysql' with pid 6245
2019-05-03 16:56:50,964 INFO success: mysql entered RUNNING state, process has stayed up for > than 1 seconds (startsecs)
2019-05-03 16:56:51,988 INFO exited: mysql (exit status 0; expected)
2019-05-03 16:56:52,994 INFO spawned: 'mysql' with pid 6288
2019-05-03 16:56:53,996 INFO success: mysql entered RUNNING state, process has stayed up for > than 1 seconds (startsecs)
2019-05-03 16:56:55,048 INFO exited: mysql (exit status 0; expected)
2019-05-03 16:56:56,052 INFO spawned: 'mysql' with pid 6327
2019-05-03 16:56:57,053 INFO success: mysql entered RUNNING state, process has stayed up for > than 1 seconds (startsecs)
2019-05-03 16:56:58,118 INFO exited: mysql (exit status 0; expected)
2019-05-03 16:56:59,123 INFO spawned: 'mysql' with pid 6370
2019-05-03 16:57:00,125 INFO success: mysql entered RUNNING state, process has stayed up for > than 1 seconds (startsecs)
2019-05-03 16:57:01,187 INFO exited: mysql (exit status 0; expected)
2019-05-03 16:57:02,191 INFO spawned: 'mysql' with pid 6409
2019-05-03 16:57:03,194 INFO success: mysql entered RUNNING state, process has stayed up for > than 1 seconds (startsecs)
2019-05-03 16:57:04,215 INFO exited: mysql (exit status 0; expected)
2019-05-03 16:57:05,220 INFO spawned: 'mysql' with pid 6452
2019-05-03 16:57:06,223 INFO success: mysql entered RUNNING state, process has stayed up for > than 1 seconds (startsecs)
2019-05-03 16:57:07,250 INFO exited: mysql (exit status 0; expected)
2019-05-03 16:57:08,255 INFO spawned: 'mysql' with pid 6495
2019-05-03 16:57:09,258 INFO success: mysql entered RUNNING state, process has stayed up for > than 1 seconds (startsecs)
2019-05-03 16:57:10,327 INFO exited: mysql (exit status 0; expected)
2019-05-03 16:57:11,331 INFO spawned: 'mysql' with pid 6534
2019-05-03 16:57:12,334 INFO success: mysql entered RUNNING state, process has stayed up for > than 1 seconds (startsecs)
2019-05-03 16:57:13,366 INFO exited: mysql (exit status 0; expected)
2019-05-03 16:57:14,371 INFO spawned: 'mysql' with pid 6565
2019-05-03 16:57:15,373 INFO success: mysql entered RUNNING state, process has stayed up for > than 1 seconds (startsecs)
2019-05-03 16:57:16,408 INFO exited: mysql (exit status 0; expected)
2019-05-03 16:57:17,413 INFO spawned: 'mysql' with pid 6592
2019-05-03 16:57:18,415 INFO success: mysql entered RUNNING state, process has stayed up for > than 1 seconds (startsecs)
2019-05-03 16:57:19,445 INFO exited: mysql (exit status 0; expected)
2019-05-03 16:57:20,450 INFO spawned: 'mysql' with pid 6623
2019-05-03 16:57:21,454 INFO success: mysql entered RUNNING state, process has stayed up for > than 1 seconds (startsecs)
2019-05-03 16:57:22,498 INFO exited: mysql (exit status 0; expected)
2019-05-03 16:57:23,504 INFO spawned: 'mysql' with pid 6654
2019-05-03 16:57:24,507 INFO success: mysql entered RUNNING state, process has stayed up for > than 1 seconds (startsecs)
2019-05-03 16:57:25,537 INFO exited: mysql (exit status 0; expected)
2019-05-03 16:57:26,542 INFO spawned: 'mysql' with pid 6681
2019-05-03 16:57:27,545 INFO success: mysql entered RUNNING state, process has stayed up for > than 1 seconds (startsecs)
2019-05-03 16:57:28,606 INFO exited: mysql (exit status 0; expected)
2019-05-03 16:57:29,611 INFO spawned: 'mysql' with pid 6712
2019-05-03 16:57:30,614 INFO success: mysql entered RUNNING state, process has stayed up for > than 1 seconds (startsecs)
2019-05-03 16:57:31,637 INFO exited: mysql (exit status 0; expected)
2019-05-03 16:57:32,642 INFO spawned: 'mysql' with pid 6743
2019-05-03 16:57:33,645 INFO success: mysql entered RUNNING state, process has stayed up for > than 1 seconds (startsecs)
2019-05-03 16:57:34,697 INFO exited: mysql (exit status 0; expected)
2019-05-03 16:57:35,701 INFO spawned: 'mysql' with pid 6770
2019-05-03 16:57:36,704 INFO success: mysql entered RUNNING state, process has stayed up for > than 1 seconds (startsecs)
2019-05-03 16:57:37,757 INFO exited: mysql (exit status 0; expected)
2019-05-03 16:57:38,761 INFO spawned: 'mysql' with pid 6801
2019-05-03 16:57:39,762 INFO success: mysql entered RUNNING state, process has stayed up for > than 1 seconds (startsecs)
2019-05-03 16:57:40,847 INFO exited: mysql (exit status 0; expected)
2019-05-03 16:57:41,852 INFO spawned: 'mysql' with pid 6828
2019-05-03 16:57:42,855 INFO success: mysql entered RUNNING state, process has stayed up for > than 1 seconds (startsecs)
2019-05-03 16:57:43,906 INFO exited: mysql (exit status 0; expected)
2019-05-03 16:57:44,912 INFO spawned: 'mysql' with pid 6859
2019-05-03 16:57:45,914 INFO success: mysql entered RUNNING state, process has stayed up for > than 1 seconds (startsecs)
2019-05-03 16:57:46,957 INFO exited: mysql (exit status 0; expected)
2019-05-03 16:57:47,961 INFO spawned: 'mysql' with pid 6890
2019-05-03 16:57:48,963 INFO success: mysql entered RUNNING state, process has stayed up for > than 1 seconds (startsecs)
2019-05-03 16:57:50,018 INFO exited: mysql (exit status 0; expected)
2019-05-03 16:57:51,021 INFO spawned: 'mysql' with pid 6917
2019-05-03 16:57:52,023 INFO success: mysql entered RUNNING state, process has stayed up for > than 1 seconds (startsecs)
2019-05-03 16:57:53,067 INFO exited: mysql (exit status 0; expected)
2019-05-03 16:57:54,071 INFO spawned: 'mysql' with pid 6948
2019-05-03 16:57:55,074 INFO success: mysql entered RUNNING state, process has stayed up for > than 1 seconds (startsecs)
2019-05-03 16:57:56,097 INFO exited: mysql (exit status 0; expected)
2019-05-03 16:57:57,100 INFO spawned: 'mysql' with pid 6975
2019-05-03 16:57:58,103 INFO success: mysql entered RUNNING state, process has stayed up for > than 1 seconds (startsecs)
2019-05-03 16:57:59,137 INFO exited: mysql (exit status 0; expected)
2019-05-03 16:58:00,141 INFO spawned: 'mysql' with pid 7006
2019-05-03 16:58:01,143 INFO success: mysql entered RUNNING state, process has stayed up for > than 1 seconds (startsecs)
2019-05-03 16:58:02,256 INFO exited: mysql (exit status 0; expected)
2019-05-03 16:58:03,261 INFO spawned: 'mysql' with pid 7037
2019-05-03 16:58:04,264 INFO success: mysql entered RUNNING state, process has stayed up for > than 1 seconds (startsecs)
2019-05-03 16:58:05,313 INFO exited: mysql (exit status 0; expected)
2019-05-03 16:58:06,318 INFO spawned: 'mysql' with pid 7064
2019-05-03 16:58:07,916 INFO success: mysql entered RUNNING state, process has stayed up for > than 1 seconds (startsecs)
2019-05-03 16:58:08,345 INFO exited: mysql (exit status 0; expected)
2019-05-03 16:58:09,350 INFO spawned: 'mysql' with pid 7095
2019-05-03 16:58:10,352 INFO success: mysql entered RUNNING state, process has stayed up for > than 1 seconds (startsecs)
2019-05-03 16:58:11,396 INFO exited: mysql (exit status 0; expected)
2019-05-03 16:58:12,401 INFO spawned: 'mysql' with pid 7122
2019-05-03 16:58:13,404 INFO success: mysql entered RUNNING state, process has stayed up for > than 1 seconds (startsecs)
2019-05-03 16:58:14,607 INFO exited: mysql (exit status 0; expected)
2019-05-03 16:58:15,611 INFO spawned: 'mysql' with pid 7153
2019-05-03 16:58:16,614 INFO success: mysql entered RUNNING state, process has stayed up for > than 1 seconds (startsecs)
2019-05-03 16:58:17,658 INFO exited: mysql (exit status 0; expected)
2019-05-03 16:58:18,664 INFO spawned: 'mysql' with pid 7184
2019-05-03 16:58:19,667 INFO success: mysql entered RUNNING state, process has stayed up for > than 1 seconds (startsecs)
2019-05-03 16:58:20,695 INFO exited: mysql (exit status 0; expected)
2019-05-03 16:58:21,699 INFO spawned: 'mysql' with pid 7212
2019-05-03 16:58:23,128 INFO success: mysql entered RUNNING state, process has stayed up for > than 1 seconds (startsecs)
2019-05-03 16:58:23,790 INFO exited: mysql (exit status 0; expected)
2019-05-03 16:58:24,795 INFO spawned: 'mysql' with pid 7243
2019-05-03 16:58:25,797 INFO success: mysql entered RUNNING state, process has stayed up for > than 1 seconds (startsecs)
2019-05-03 16:58:26,826 INFO exited: mysql (exit status 0; expected)
2019-05-03 16:58:27,831 INFO spawned: 'mysql' with pid 7274
2019-05-03 16:58:28,833 INFO success: mysql entered RUNNING state, process has stayed up for > than 1 seconds (startsecs)
2019-05-03 16:58:29,907 INFO exited: mysql (exit status 0; expected)
2019-05-03 16:58:30,913 INFO spawned: 'mysql' with pid 7301
2019-05-03 16:58:31,916 INFO success: mysql entered RUNNING state, process has stayed up for > than 1 seconds (startsecs)
2019-05-03 16:58:32,969 INFO exited: mysql (exit status 0; expected)
2019-05-03 16:58:33,973 INFO spawned: 'mysql' with pid 7332
2019-05-03 16:58:34,976 INFO success: mysql entered RUNNING state, process has stayed up for > than 1 seconds (startsecs)
2019-05-03 16:58:36,007 INFO exited: mysql (exit status 0; expected)
2019-05-03 16:58:37,011 INFO spawned: 'mysql' with pid 7359
2019-05-03 16:58:38,014 INFO success: mysql entered RUNNING state, process has stayed up for > than 1 seconds (startsecs)
2019-05-03 16:58:39,079 INFO exited: mysql (exit status 0; expected)
2019-05-03 16:58:40,083 INFO spawned: 'mysql' with pid 7390
2019-05-03 16:58:41,086 INFO success: mysql entered RUNNING state, process has stayed up for > than 1 seconds (startsecs)
2019-05-03 16:58:42,109 INFO exited: mysql (exit status 0; expected)
2019-05-03 16:58:43,112 INFO spawned: 'mysql' with pid 7421
2019-05-03 16:58:44,115 INFO success: mysql entered RUNNING state, process has stayed up for > than 1 seconds (startsecs)
2019-05-03 16:58:45,146 INFO exited: mysql (exit status 0; expected)
2019-05-03 16:58:46,150 INFO spawned: 'mysql' with pid 7448
2019-05-03 16:58:47,152 INFO success: mysql entered RUNNING state, process has stayed up for > than 1 seconds (startsecs)
2019-05-03 16:58:48,168 INFO exited: mysql (exit status 0; expected)
2019-05-03 16:58:49,172 INFO spawned: 'mysql' with pid 7479
2019-05-03 16:58:50,175 INFO success: mysql entered RUNNING state, process has stayed up for > than 1 seconds (startsecs)
2019-05-03 16:58:51,195 INFO exited: mysql (exit status 0; expected)
2019-05-03 16:58:52,199 INFO spawned: 'mysql' with pid 7506
2019-05-03 16:58:53,202 INFO success: mysql entered RUNNING state, process has stayed up for > than 1 seconds (startsecs)
2019-05-03 16:58:54,316 INFO exited: mysql (exit status 0; expected)
2019-05-03 16:58:55,321 INFO spawned: 'mysql' with pid 7537
2019-05-03 16:58:56,323 INFO success: mysql entered RUNNING state, process has stayed up for > than 1 seconds (startsecs)
2019-05-03 16:58:57,371 INFO exited: mysql (exit status 0; expected)
2019-05-03 16:58:58,380 INFO spawned: 'mysql' with pid 7577
2019-05-03 16:58:59,382 INFO success: mysql entered RUNNING state, process has stayed up for > than 1 seconds (startsecs)
2019-05-03 16:59:01,429 INFO exited: mysql (exit status 0; expected)
2019-05-03 16:59:02,434 INFO spawned: 'mysql' with pid 7666
2019-05-03 16:59:03,436 INFO success: mysql entered RUNNING state, process has stayed up for > than 1 seconds (startsecs)
2019-05-03 16:59:04,499 INFO exited: mysql (exit status 0; expected)
2019-05-03 16:59:05,503 INFO spawned: 'mysql' with pid 7720
2019-05-03 16:59:06,506 INFO success: mysql entered RUNNING state, process has stayed up for > than 1 seconds (startsecs)
2019-05-03 16:59:07,596 INFO exited: mysql (exit status 0; expected)
2019-05-03 16:59:08,601 INFO spawned: 'mysql' with pid 7769
2019-05-03 16:59:09,603 INFO success: mysql entered RUNNING state, process has stayed up for > than 1 seconds (startsecs)
2019-05-03 16:59:10,657 INFO exited: mysql (exit status 0; expected)
2019-05-03 16:59:11,662 INFO spawned: 'mysql' with pid 7814
2019-05-03 16:59:12,665 INFO success: mysql entered RUNNING state, process has stayed up for > than 1 seconds (startsecs)
2019-05-03 16:59:13,723 INFO exited: mysql (exit status 0; expected)
2019-05-03 16:59:14,729 INFO spawned: 'mysql' with pid 7863
2019-05-03 16:59:15,731 INFO success: mysql entered RUNNING state, process has stayed up for > than 1 seconds (startsecs)
2019-05-03 16:59:16,896 INFO exited: mysql (exit status 0; expected)
2019-05-03 16:59:17,900 INFO spawned: 'mysql' with pid 7914
2019-05-03 16:59:18,903 INFO success: mysql entered RUNNING state, process has stayed up for > than 1 seconds (startsecs)
2019-05-03 16:59:19,953 INFO exited: mysql (exit status 0; expected)
2019-05-03 16:59:20,959 INFO spawned: 'mysql' with pid 7959
2019-05-03 16:59:21,962 INFO success: mysql entered RUNNING state, process has stayed up for > than 1 seconds (startsecs)
2019-05-03 16:59:23,119 INFO exited: mysql (exit status 0; expected)
2019-05-03 16:59:24,124 INFO spawned: 'mysql' with pid 8008
2019-05-03 16:59:25,127 INFO success: mysql entered RUNNING state, process has stayed up for > than 1 seconds (startsecs)
2019-05-03 16:59:26,206 INFO exited: mysql (exit status 0; expected)
2019-05-03 16:59:27,212 INFO spawned: 'mysql' with pid 8041
2019-05-03 16:59:28,214 INFO success: mysql entered RUNNING state, process has stayed up for > than 1 seconds (startsecs)
2019-05-03 16:59:29,236 INFO exited: mysql (exit status 0; expected)
2019-05-03 16:59:29,530 INFO spawned: 'mysql' with pid 8076
2019-05-03 16:59:29,531 WARN received SIGTERM indicating exit request
2019-05-03 16:59:29,531 INFO waiting for varnishd, php-fpm, varnish-plugins-watcher, nginx, MailHog, mysql, varnish-themes-watcher to die
2019-05-03 16:59:30,533 INFO success: mysql entered RUNNING state, process has stayed up for > than 1 seconds (startsecs)
2019-05-03 16:59:30,533 INFO stopped: varnish-themes-watcher (terminated by SIGTERM)
2019-05-03 16:59:30,548 INFO stopped: mysql (exit status 0)
2019-05-03 16:59:30,550 INFO stopped: MailHog (terminated by SIGTERM)
2019-05-03 16:59:30,553 INFO stopped: nginx (exit status 0)
2019-05-03 16:59:31,554 INFO stopped: varnish-plugins-watcher (terminated by SIGTERM)
2019-05-03 16:59:31,564 INFO stopped: php-fpm (exit status 0)
2019-05-03 16:59:31,584 INFO reaped unknown pid 8077
2019-05-03 16:59:32,573 INFO waiting for varnishd to die
2019-05-03 16:59:32,576 INFO reaped unknown pid 8072
2019-05-03 16:59:32,577 INFO reaped unknown pid 8073
2019-05-03 16:59:32,635 INFO stopped: varnishd (exit status 0)
2019-05-03 17:00:39,093 CRIT Supervisor running as root (no user in config file)
2019-05-03 17:00:39,093 INFO Included extra file "/etc/supervisor/conf.d/supervisord.conf" during parsing
2019-05-03 17:00:39,121 INFO RPC interface 'supervisor' initialized
2019-05-03 17:00:39,127 CRIT Server 'unix_http_server' running without any HTTP authentication checking
2019-05-03 17:00:39,128 INFO supervisord started with pid 1
2019-05-03 17:00:40,133 INFO spawned: 'varnishd' with pid 51
2019-05-03 17:00:40,137 INFO spawned: 'php-fpm' with pid 52
2019-05-03 17:00:40,148 INFO spawned: 'varnish-plugins-watcher' with pid 53
2019-05-03 17:00:40,162 INFO spawned: 'nginx' with pid 54
2019-05-03 17:00:40,172 INFO spawned: 'MailHog' with pid 55
2019-05-03 17:00:40,198 INFO spawned: 'mysql' with pid 56
2019-05-03 17:00:40,234 INFO spawned: 'varnish-themes-watcher' with pid 58
2019-05-03 17:00:41,346 INFO success: varnishd entered RUNNING state, process has stayed up for > than 1 seconds (startsecs)
2019-05-03 17:00:41,346 INFO success: php-fpm entered RUNNING state, process has stayed up for > than 1 seconds (startsecs)
2019-05-03 17:00:41,347 INFO success: varnish-plugins-watcher entered RUNNING state, process has stayed up for > than 1 seconds (startsecs)
2019-05-03 17:00:41,347 INFO success: nginx entered RUNNING state, process has stayed up for > than 1 seconds (startsecs)
2019-05-03 17:00:41,347 INFO success: MailHog entered RUNNING state, process has stayed up for > than 1 seconds (startsecs)
2019-05-03 17:00:41,348 INFO success: mysql entered RUNNING state, process has stayed up for > than 1 seconds (startsecs)
2019-05-03 17:00:41,348 INFO success: varnish-themes-watcher entered RUNNING state, process has stayed up for > than 1 seconds (startsecs)
2019-05-03 17:00:43,026 INFO exited: mysql (exit status 0; expected)
2019-05-03 17:00:43,109 INFO spawned: 'mysql' with pid 333
2019-05-03 17:00:44,110 INFO success: mysql entered RUNNING state, process has stayed up for > than 1 seconds (startsecs)
2019-05-04 00:30:19,683 WARN received SIGTERM indicating exit request
2019-05-04 00:30:19,684 INFO waiting for varnishd, php-fpm, varnish-plugins-watcher, nginx, MailHog, mysql, varnish-themes-watcher to die
2019-05-04 00:30:19,685 INFO stopped: varnish-themes-watcher (terminated by SIGTERM)
2019-05-04 00:30:19,716 INFO stopped: mysql (exit status 0)
2019-05-04 00:30:19,725 INFO stopped: MailHog (terminated by SIGTERM)
2019-05-04 00:30:19,728 INFO stopped: nginx (exit status 0)
2019-05-04 00:30:20,731 INFO stopped: varnish-plugins-watcher (terminated by SIGTERM)
2019-05-04 00:30:20,748 INFO stopped: php-fpm (exit status 0)
2019-05-04 00:30:21,064 INFO reaped unknown pid 334
2019-05-04 00:30:21,884 INFO stopped: varnishd (exit status 0)
2019-05-06 21:58:41,600 CRIT Supervisor running as root (no user in config file)
2019-05-06 21:58:41,600 INFO Included extra file "/etc/supervisor/conf.d/supervisord.conf" during parsing
2019-05-06 21:58:41,649 INFO RPC interface 'supervisor' initialized
2019-05-06 21:58:41,655 CRIT Server 'unix_http_server' running without any HTTP authentication checking
2019-05-06 21:58:41,655 INFO supervisord started with pid 1
2019-05-06 21:58:42,660 INFO spawned: 'varnishd' with pid 52
2019-05-06 21:58:42,664 INFO spawned: 'php-fpm' with pid 53
2019-05-06 21:58:42,670 INFO spawned: 'varnish-plugins-watcher' with pid 54
2019-05-06 21:58:42,679 INFO spawned: 'nginx' with pid 55
2019-05-06 21:58:42,695 INFO spawned: 'MailHog' with pid 56
2019-05-06 21:58:42,719 INFO spawned: 'mysql' with pid 57
2019-05-06 21:58:42,726 INFO spawned: 'varnish-themes-watcher' with pid 58
2019-05-06 21:58:43,867 INFO success: varnishd entered RUNNING state, process has stayed up for > than 1 seconds (startsecs)
2019-05-06 21:58:43,868 INFO success: php-fpm entered RUNNING state, process has stayed up for > than 1 seconds (startsecs)
2019-05-06 21:58:43,868 INFO success: varnish-plugins-watcher entered RUNNING state, process has stayed up for > than 1 seconds (startsecs)
2019-05-06 21:58:43,868 INFO success: nginx entered RUNNING state, process has stayed up for > than 1 seconds (startsecs)
2019-05-06 21:58:43,869 INFO success: MailHog entered RUNNING state, process has stayed up for > than 1 seconds (startsecs)
2019-05-06 21:58:43,869 INFO success: mysql entered RUNNING state, process has stayed up for > than 1 seconds (startsecs)
2019-05-06 21:58:43,869 INFO success: varnish-themes-watcher entered RUNNING state, process has stayed up for > than 1 seconds (startsecs)
2019-05-06 22:11:16,830 WARN received SIGTERM indicating exit request
2019-05-06 22:11:16,831 INFO waiting for varnishd, php-fpm, varnish-plugins-watcher, nginx, MailHog, mysql, varnish-themes-watcher to die
2019-05-06 22:11:16,832 INFO stopped: varnish-themes-watcher (terminated by SIGTERM)
2019-05-06 22:11:16,884 INFO stopped: mysql (exit status 0)
2019-05-06 22:11:16,885 INFO stopped: MailHog (terminated by SIGTERM)
2019-05-06 22:11:16,892 INFO stopped: nginx (exit status 0)
2019-05-06 22:11:17,894 INFO stopped: varnish-plugins-watcher (terminated by SIGTERM)
2019-05-06 22:11:17,905 INFO stopped: php-fpm (exit status 0)
2019-05-06 22:11:18,097 INFO reaped unknown pid 75
2019-05-06 22:11:18,301 INFO reaped unknown pid 945
2019-05-06 22:11:18,302 INFO reaped unknown pid 946
2019-05-06 22:11:18,995 INFO stopped: varnishd (exit status 0)
2019-05-06 22:26:43,701 CRIT Supervisor running as root (no user in config file)
2019-05-06 22:26:43,702 INFO Included extra file "/etc/supervisor/conf.d/supervisord.conf" during parsing
2019-05-06 22:26:43,791 INFO RPC interface 'supervisor' initialized
2019-05-06 22:26:43,802 CRIT Server 'unix_http_server' running without any HTTP authentication checking
2019-05-06 22:26:43,802 INFO supervisord started with pid 1
2019-05-06 22:26:44,813 INFO spawned: 'varnishd' with pid 48
2019-05-06 22:26:44,858 INFO spawned: 'php-fpm' with pid 49
2019-05-06 22:26:44,893 INFO spawned: 'varnish-plugins-watcher' with pid 50
2019-05-06 22:26:44,954 INFO spawned: 'nginx' with pid 51
2019-05-06 22:26:44,968 INFO spawned: 'MailHog' with pid 52
2019-05-06 22:26:45,030 INFO spawned: 'mysql' with pid 53
2019-05-06 22:26:45,195 INFO spawned: 'varnish-themes-watcher' with pid 60
2019-05-06 22:26:46,430 INFO success: varnishd entered RUNNING state, process has stayed up for > than 1 seconds (startsecs)
2019-05-06 22:26:46,430 INFO success: php-fpm entered RUNNING state, process has stayed up for > than 1 seconds (startsecs)
2019-05-06 22:26:46,431 INFO success: varnish-plugins-watcher entered RUNNING state, process has stayed up for > than 1 seconds (startsecs)
2019-05-06 22:26:46,431 INFO success: nginx entered RUNNING state, process has stayed up for > than 1 seconds (startsecs)
2019-05-06 22:26:46,431 INFO success: MailHog entered RUNNING state, process has stayed up for > than 1 seconds (startsecs)
2019-05-06 22:26:46,431 INFO success: mysql entered RUNNING state, process has stayed up for > than 1 seconds (startsecs)
2019-05-06 22:26:46,431 INFO success: varnish-themes-watcher entered RUNNING state, process has stayed up for > than 1 seconds (startsecs)
2019-05-06 22:30:46,001 CRIT Supervisor running as root (no user in config file)
2019-05-06 22:30:46,001 INFO Included extra file "/etc/supervisor/conf.d/supervisord.conf" during parsing
2019-05-06 22:30:46,348 INFO RPC interface 'supervisor' initialized
2019-05-06 22:30:46,349 CRIT Server 'unix_http_server' running without any HTTP authentication checking
2019-05-06 22:30:46,349 INFO supervisord started with pid 1
2019-05-06 22:30:47,354 INFO spawned: 'varnishd' with pid 55
2019-05-06 22:30:47,359 INFO spawned: 'php-fpm' with pid 56
2019-05-06 22:30:47,361 INFO spawned: 'varnish-plugins-watcher' with pid 57
2019-05-06 22:30:47,370 INFO spawned: 'nginx' with pid 58
2019-05-06 22:30:47,380 INFO spawned: 'MailHog' with pid 59
2019-05-06 22:30:47,401 INFO spawned: 'mysql' with pid 60
2019-05-06 22:30:47,424 INFO spawned: 'varnish-themes-watcher' with pid 62
2019-05-06 22:30:48,620 INFO success: varnishd entered RUNNING state, process has stayed up for > than 1 seconds (startsecs)
2019-05-06 22:30:48,620 INFO success: php-fpm entered RUNNING state, process has stayed up for > than 1 seconds (startsecs)
2019-05-06 22:30:48,620 INFO success: varnish-plugins-watcher entered RUNNING state, process has stayed up for > than 1 seconds (startsecs)
2019-05-06 22:30:48,620 INFO success: nginx entered RUNNING state, process has stayed up for > than 1 seconds (startsecs)
2019-05-06 22:30:48,620 INFO success: MailHog entered RUNNING state, process has stayed up for > than 1 seconds (startsecs)
2019-05-06 22:30:48,620 INFO success: mysql entered RUNNING state, process has stayed up for > than 1 seconds (startsecs)
2019-05-06 22:30:48,621 INFO success: varnish-themes-watcher entered RUNNING state, process has stayed up for > than 1 seconds (startsecs)
2019-05-08 15:29:44,501 CRIT Supervisor running as root (no user in config file)
2019-05-08 15:29:44,502 INFO Included extra file "/etc/supervisor/conf.d/supervisord.conf" during parsing
2019-05-08 15:29:44,859 INFO RPC interface 'supervisor' initialized
2019-05-08 15:29:44,860 CRIT Server 'unix_http_server' running without any HTTP authentication checking
2019-05-08 15:29:44,860 INFO supervisord started with pid 1
2019-05-08 15:29:45,864 INFO spawned: 'varnishd' with pid 23
2019-05-08 15:29:45,869 INFO spawned: 'php-fpm' with pid 24
2019-05-08 15:29:45,871 INFO spawned: 'varnish-plugins-watcher' with pid 25
2019-05-08 15:29:45,874 INFO spawned: 'nginx' with pid 26
2019-05-08 15:29:45,880 INFO spawned: 'MailHog' with pid 27
2019-05-08 15:29:45,893 INFO spawned: 'mysql' with pid 28
2019-05-08 15:29:45,900 INFO spawned: 'varnish-themes-watcher' with pid 29
2019-05-08 15:29:47,054 INFO success: varnishd entered RUNNING state, process has stayed up for > than 1 seconds (startsecs)
2019-05-08 15:29:47,054 INFO success: php-fpm entered RUNNING state, process has stayed up for > than 1 seconds (startsecs)
2019-05-08 15:29:47,054 INFO success: varnish-plugins-watcher entered RUNNING state, process has stayed up for > than 1 seconds (startsecs)
2019-05-08 15:29:47,055 INFO success: nginx entered RUNNING state, process has stayed up for > than 1 seconds (startsecs)
2019-05-08 15:29:47,055 INFO success: MailHog entered RUNNING state, process has stayed up for > than 1 seconds (startsecs)
2019-05-08 15:29:47,055 INFO success: mysql entered RUNNING state, process has stayed up for > than 1 seconds (startsecs)
2019-05-08 15:29:47,055 INFO success: varnish-themes-watcher entered RUNNING state, process has stayed up for > than 1 seconds (startsecs)
2019-05-08 22:20:06,092 CRIT Supervisor running as root (no user in config file)
2019-05-08 22:20:06,093 INFO Included extra file "/etc/supervisor/conf.d/supervisord.conf" during parsing
2019-05-08 22:20:06,451 INFO RPC interface 'supervisor' initialized
2019-05-08 22:20:06,454 CRIT Server 'unix_http_server' running without any HTTP authentication checking
2019-05-08 22:20:06,454 INFO supervisord started with pid 1
2019-05-08 22:20:07,459 INFO spawned: 'varnishd' with pid 56
2019-05-08 22:20:07,467 INFO spawned: 'php-fpm' with pid 57
2019-05-08 22:20:07,475 INFO spawned: 'varnish-plugins-watcher' with pid 58
2019-05-08 22:20:07,493 INFO spawned: 'nginx' with pid 59
2019-05-08 22:20:07,507 INFO spawned: 'MailHog' with pid 60
2019-05-08 22:20:07,536 INFO spawned: 'mysql' with pid 61
2019-05-08 22:20:07,544 INFO spawned: 'varnish-themes-watcher' with pid 63
2019-05-08 22:20:08,682 INFO success: varnishd entered RUNNING state, process has stayed up for > than 1 seconds (startsecs)
2019-05-08 22:20:08,682 INFO success: php-fpm entered RUNNING state, process has stayed up for > than 1 seconds (startsecs)
2019-05-08 22:20:08,682 INFO success: varnish-plugins-watcher entered RUNNING state, process has stayed up for > than 1 seconds (startsecs)
2019-05-08 22:20:08,683 INFO success: nginx entered RUNNING state, process has stayed up for > than 1 seconds (startsecs)
2019-05-08 22:20:08,683 INFO success: MailHog entered RUNNING state, process has stayed up for > than 1 seconds (startsecs)
2019-05-08 22:20:08,683 INFO success: mysql entered RUNNING state, process has stayed up for > than 1 seconds (startsecs)
2019-05-08 22:20:08,683 INFO success: varnish-themes-watcher entered RUNNING state, process has stayed up for > than 1 seconds (startsecs)
